<?xml version="1.0" encoding="UTF-8"?>
<testng-results ignored="0" total="1" passed="1" failed="0" skipped="0">
  <reporter-output>
  </reporter-output>
  <suite started-at="2026-03-16T00:14:54 IST" name="Default suite" finished-at="2026-03-16T00:15:47 IST" duration-ms="52734">
    <groups>
    </groups>
    <test started-at="2026-03-16T00:14:54 IST" name="Default test" finished-at="2026-03-16T00:15:47 IST" duration-ms="52734">
      <class name="com.aayush.MyntraApp.HomePageTest">
        <test-method is-config="true" signature="initReport()[pri:0, instance:com.aayush.MyntraApp.HomePageTest@158a8276]" started-at="2026-03-16T00:14:54 IST" name="initReport" finished-at="2026-03-16T00:14:54 IST" duration-ms="241" status="PASS">
          <reporter-output>
          </reporter-output>
        </test-method> <!-- initReport -->
        <test-method is-config="true" signature="beforeMethod()[pri:0, instance:com.aayush.MyntraApp.HomePageTest@158a8276]" started-at="2026-03-16T00:14:54 IST" name="beforeMethod" finished-at="2026-03-16T00:14:54 IST" duration-ms="0" status="PASS">
          <reporter-output>
          </reporter-output>
        </test-method> <!-- beforeMethod -->
        <test-method is-config="true" signature="setUp(java.lang.reflect.Method)[pri:0, instance:com.aayush.MyntraApp.HomePageTest@158a8276]" started-at="2026-03-16T00:14:54 IST" name="setUp" finished-at="2026-03-16T00:15:19 IST" duration-ms="24518" status="PASS">
          <params>
            <param index="0">
              <value>
                <![CDATA[public void com.aayush.MyntraApp.HomePageTest.UiTest() throws java.lang.InterruptedException]]>
              </value>
            </param>
          </params>
          <reporter-output>
          </reporter-output>
        </test-method> <!-- setUp -->
        <test-method signature="UiTest()[pri:0, instance:com.aayush.MyntraApp.HomePageTest@158a8276]" started-at="2026-03-16T00:15:19 IST" name="UiTest" finished-at="2026-03-16T00:15:47 IST" duration-ms="27561" status="PASS">
          <reporter-output>
          </reporter-output>
        </test-method> <!-- UiTest -->
        <test-method is-config="true" signature="tearDown(org.testng.ITestResult)[pri:0, instance:com.aayush.MyntraApp.HomePageTest@158a8276]" started-at="2026-03-16T00:15:47 IST" name="tearDown" finished-at="2026-03-16T00:15:47 IST" duration-ms="597" status="PASS">
          <params>
            <param index="0">
              <value>
                <![CDATA[[TestResult name=UiTest status=SUCCESS method=HomePageTest.UiTest()[pri:0, instance:com.aayush.MyntraApp.HomePageTest@158a8276] output={null}]]]>
              </value>
            </param>
          </params>
          <reporter-output>
          </reporter-output>
        </test-method> <!-- tearDown -->
        <test-method is-config="true" signature="afterMethod()[pri:0, instance:com.aayush.MyntraApp.HomePageTest@158a8276]" started-at="2026-03-16T00:15:47 IST" name="afterMethod" finished-at="2026-03-16T00:15:47 IST" duration-ms="0" status="PASS">
          <reporter-output>
          </reporter-output>
        </test-method> <!-- afterMethod -->
        <test-method is-config="true" signature="flushReport()[pri:0, instance:com.aayush.MyntraApp.HomePageTest@158a8276]" started-at="2026-03-16T00:15:47 IST" name="flushReport" finished-at="2026-03-16T00:15:48 IST" duration-ms="382" status="PASS">
          <reporter-output>
          </reporter-output>
        </test-method> <!-- flushReport -->
      </class> <!-- com.aayush.MyntraApp.HomePageTest -->
    </test> <!-- Default test -->
  </suite> <!-- Default suite -->
</testng-results>
